<?xml version="1.0" encoding="UTF-8"?>
<!-- Generated by org.testng.reporters.JUnitXMLReporter -->
<testsuite ignored="0" hostname="LAPTOP-21JNM9EN" failures="1" tests="3" name="Submit Order Test" time="27.931" errors="0" timestamp="2025-02-03T19:38:58 CET">
  <testcase classname="SeleniumFramework.tests.SubmitOrderTest" name="submitOrder" time="5.908"/>
  <testcase classname="SeleniumFramework.tests.SubmitOrderTest" name="submitOrder" time="8.656">
    <failure type="java.lang.AssertionError" message="expected [true] but found [false]">
      <![CDATA[java.lang.AssertionError: expected [true] but found [false]
at SeleniumFramework.tests.SubmitOrderTest.submitOrder(SubmitOrderTest.java:53)
at java.base/java.util.ArrayList.forEach(ArrayList.java:1511)
at java.base/java.util.concurrent.FutureTask.run(FutureTask.java:264)
at java.base/java.util.concurrent.ThreadPoolExecutor.runWorker(ThreadPoolExecutor.java:1136)
at java.base/java.util.concurrent.ThreadPoolExecutor$Worker.run(ThreadPoolExecutor.java:635)
at java.base/java.lang.Thread.run(Thread.java:833)
... Removed 21 stack frames]]>
    </failure>
  </testcase> <!-- submitOrder -->
  <testcase classname="SeleniumFramework.tests.SubmitOrderTest" name="checkOrder" time="0.0">
    <skipped/>
  </testcase> <!-- checkOrder -->
</testsuite> <!-- Submit Order Test -->
